{"/Users/lyuba_muratova/Documents/QA-switcher/unit/script.js": {"path":"/Users/lyuba_muratova/Documents/QA-switcher/unit/script.js","statementMap":{"0":{"start":{"line":1,"column":23},"end":{"line":8,"column":1}},"1":{"start":{"line":3,"column":14},"end":{"line":3,"column":19}},"2":{"start":{"line":5,"column":2},"end":{"line":5,"column":42}},"3":{"start":{"line":7,"column":2},"end":{"line":7,"column":15}},"4":{"start":{"line":9,"column":0},"end":{"line":9,"column":36}},"5":{"start":{"line":11,"column":0},"end":{"line":11,"column":32}}},"fnMap":{"0":{"name":"(anonymous_0)","decl":{"start":{"line":1,"column":23},"end":{"line":1,"column":24}},"loc":{"start":{"line":1,"column":33},"end":{"line":8,"column":1}},"line":1}},"branchMap":{"0":{"loc":{"start":{"line":5,"column":2},"end":{"line":5,"column":41}},"type":"cond-expr","locations":[{"start":{"line":5,"column":14},"end":{"line":5,"column":24}},{"start":{"line":5,"column":29},"end":{"line":5,"column":40}}],"line":5}},"s":{"0":1,"1":6,"2":6,"3":6,"4":1,"5":1},"f":{"0":6},"b":{"0":[2,4]},"_coverageSchema":"1a1c01bbd47fc00a2c39e90264f33305004495a9","hash":"4e996422484e4d0eda49b8aa351dc6d7c674c3d9"}
}
